============================================================
E9 FORENSIC VERIFICATION - Streaming Laser Candidates
============================================================
Total candidates: 555
Analyzing top 50 by SNR

Connecting to SPARCL...
announcement=Data set deprecation notice: on November 19, 2025 the SDSS/BOSS DR16 data sets were deprecated. Please use the new SDSS/BOSS DR17 data sets instead.

============================================================
[1/50] TARGET: 616094299527839879
  Signal: 79.3σ at 6132.0 Å
  Position: RA=211.6207, DEC=78.6411
  Tile: 80958
  [!] Not found in SPARCL

============================================================
[2/50] TARGET: 616094299519451577
  Signal: 71.1σ at 6216.8 Å
  Position: RA=209.4326, DEC=78.7143
  Tile: 80958
  [!] Not found in SPARCL

============================================================
[3/50] TARGET: 616094184717156732
  Signal: 58.3σ at 6711.2 Å
  Position: RA=144.3990, DEC=63.9487
  Tile: 80621
  [!] Not found in SPARCL

============================================================
[4/50] TARGET: -809740129
  Signal: 49.3σ at 7591.2 Å
  Position: RA=214.0522, DEC=-0.8310
  Tile: 80974
  [+] Not flagged by pipeline
  >>> VERDICT: AMBIGUOUS
      Intermediate (wing1=0.25, wing2=-0.05)
    Profile (7581 - 7601 A):
     7581.6 |#############
     7583.2 |###################
     7584.8 |################
     7586.4 |############
     7588.0 |########################
     7589.6 |########
     7591.2 |##########
     7592.8 |#########
     7594.4 |################
     7596.0 |#########
     7597.6 |#############
     7599.2 |##############
     7600.8 |################

============================================================
[5/50] TARGET: 616094302044422703
  Signal: 47.2σ at 5916.8 Å
  Position: RA=270.0005, DEC=79.2315
  Tile: 80970
  [!] Not found in SPARCL

============================================================
[6/50] TARGET: 616094298164691677
  Signal: 42.2σ at 5879.2 Å
  Position: RA=166.4543, DEC=78.5245
  Tile: 80949
  [!] Not found in SPARCL

============================================================
[7/50] TARGET: 616094190001979999
  Signal: 39.2σ at 6914.4 Å
  Position: RA=144.0245, DEC=64.4987
  Tile: 80621
  [!] Not found in SPARCL

============================================================
[8/50] TARGET: 616094302837146023
  Signal: 34.7σ at 6764.8 Å
  Position: RA=164.9965, DEC=79.4594
  Tile: 80949
  [!] Not found in SPARCL

============================================================
[9/50] TARGET: 616094270469702620
  Signal: 34.2σ at 5976.8 Å
  Position: RA=195.7574, DEC=73.8359
  Tile: 80954
  [!] Not found in SPARCL

============================================================
[10/50] TARGET: 616094300551250866
  Signal: 34.0σ at 7075.2 Å
  Position: RA=164.4406, DEC=79.0750
  Tile: 80949
  [!] Not found in SPARCL

============================================================
[11/50] TARGET: 616094268687123263
  Signal: 33.6σ at 6536.8 Å
  Position: RA=181.0683, DEC=73.5462
  Tile: 80951
  [!] KNOWN LINE: AIRGLOW (6533.0)

============================================================
[12/50] TARGET: 616094277075731026
  Signal: 33.5σ at 7149.6 Å
  Position: RA=195.0803, DEC=74.7414
  Tile: 80954
  [!] Not found in SPARCL

============================================================
[13/50] TARGET: 616094268682929145
  Signal: 33.4σ at 6028.8 Å
  Position: RA=180.8347, DEC=73.5858
  Tile: 80951
  [!] Not found in SPARCL

============================================================
[14/50] TARGET: 616094268678734258
  Signal: 32.5σ at 6621.6 Å
  Position: RA=179.6527, DEC=73.4660
  Tile: 80951
  [!] Not found in SPARCL

============================================================
[15/50] TARGET: 616094233463357687
  Signal: 31.5σ at 6045.6 Å
  Position: RA=179.9558, DEC=68.9286
  Tile: 80950
  [!] Not found in SPARCL

============================================================
[16/50] TARGET: 616094270394205294
  Signal: 31.2σ at 6003.2 Å
  Position: RA=179.6345, DEC=73.8585
  Tile: 80951
  [!] Not found in SPARCL

============================================================
[17/50] TARGET: 616094270394204760
  Signal: 30.9σ at 6348.8 Å
  Position: RA=179.8726, DEC=73.7534
  Tile: 80951
  [!] Not found in SPARCL

============================================================
[18/50] TARGET: 616094299376845511
  Signal: 30.8σ at 6444.0 Å
  Position: RA=166.9949, DEC=78.7707
  Tile: 80949
  [!] Not found in SPARCL

============================================================
[19/50] TARGET: 616094299519451560
  Signal: 30.8σ at 7583.2 Å
  Position: RA=210.0617, DEC=78.7123
  Tile: 80958
  [!] Not found in SPARCL

============================================================
[20/50] TARGET: 616089258570023811
  Signal: 30.5σ at 5769.6 Å
  Position: RA=145.3645, DEC=31.3136
  Tile: 80697
  [!] Not found in SPARCL

============================================================
[21/50] TARGET: 616094299523646516
  Signal: 30.2σ at 7424.0 Å
  Position: RA=210.4788, DEC=78.8493
  Tile: 80958
  [!] Not found in SPARCL

============================================================
[22/50] TARGET: 616094228870595376
  Signal: 29.5σ at 5940.8 Å
  Position: RA=150.6778, DEC=68.5448
  Tile: 80944
  [!] Not found in SPARCL

============================================================
[23/50] TARGET: 616094273963557172
  Signal: 29.4σ at 6084.8 Å
  Position: RA=225.8537, DEC=74.1813
  Tile: 80960
  [!] Not found in SPARCL

============================================================
[24/50] TARGET: 616094275460923732
  Signal: 29.2σ at 5969.6 Å
  Position: RA=195.1000, DEC=74.4363
  Tile: 80954
  [!] Not found in SPARCL

============================================================
[25/50] TARGET: 616094298315686828
  Signal: 28.8σ at 6917.6 Å
  Position: RA=210.9286, DEC=78.5671
  Tile: 80958
