2026-01-15 17:59:04,204 - __main__ - INFO - Starting full pipeline run in runs/real_run_20260115_175904
2026-01-15 17:59:04,204 - __main__ - INFO - ============================================================
2026-01-15 17:59:04,204 - __main__ - INFO - STAGE 0: Environment Setup and Sanity Checks
2026-01-15 17:59:04,204 - __main__ - INFO - ============================================================
2026-01-15 17:59:05,010 - __main__ - INFO - Git hash: e42cabef7a6c01aa00dfef66e587d8c1cdeb99ba
2026-01-15 17:59:05,010 - __main__ - INFO - Python: 3.12.3 (main, Jan  8 2026, 11:30:50) [GCC 13.3.0]
2026-01-15 17:59:05,010 - __main__ - INFO - Platform: Linux-6.6.87.2-microsoft-standard-WSL2-x86_64-with-glibc2.39
2026-01-15 17:59:05,010 - __main__ - INFO - CPU count: 32
2026-01-15 17:59:05,010 - __main__ - INFO - Random seed: 42
2026-01-15 17:59:05,010 - __main__ - INFO - Running quick unit tests...
2026-01-15 18:00:03,930 - __main__ - WARNING - Could not run unit tests: Command '['/usr/bin/python3', '-m', 'pytest', '-q', '--tb=no', 'rare_companions/tests/', '-x']' timed out after 60 seconds
2026-01-15 18:00:03,936 - __main__ - INFO - Found 0 DESI data files
2026-01-15 18:00:03,937 - __main__ - INFO - ============================================================
2026-01-15 18:00:03,937 - __main__ - INFO - STAGE 1: RV Metrics Scan
2026-01-15 18:00:03,937 - __main__ - INFO - ============================================================
Traceback (most recent call last):
  File "<frozen runpy>", line 198, in _run_module_as_main
  File "<frozen runpy>", line 88, in _run_code
  File "/home/primary/DESI-BH-CANDIDATE-SEARCH/rare_companions/full_run.py", line 643, in <module>
    main()
  File "/home/primary/DESI-BH-CANDIDATE-SEARCH/rare_companions/full_run.py", line 639, in main
    runner.run_all()
  File "/home/primary/DESI-BH-CANDIDATE-SEARCH/rare_companions/full_run.py", line 227, in run_all
    timeseries_list = self.stage1_rv_scan()
                      ^^^^^^^^^^^^^^^^^^^^^
  File "/home/primary/DESI-BH-CANDIDATE-SEARCH/rare_companions/full_run.py", line 301, in stage1_rv_scan
    from .ingest.desi import DESIRVIngest
ImportError: cannot import name 'DESIRVIngest' from 'rare_companions.ingest.desi' (/home/primary/DESI-BH-CANDIDATE-SEARCH/rare_companions/ingest/desi.py)
