2026-01-15 18:03:02,157 - __main__ - INFO - Starting full pipeline run in runs/real_run_20260115_180302
2026-01-15 18:03:02,157 - __main__ - INFO - ============================================================
2026-01-15 18:03:02,157 - __main__ - INFO - STAGE 0: Environment Setup and Sanity Checks
2026-01-15 18:03:02,157 - __main__ - INFO - ============================================================
2026-01-15 18:03:02,622 - __main__ - INFO - Git hash: e42cabef7a6c01aa00dfef66e587d8c1cdeb99ba
2026-01-15 18:03:02,623 - __main__ - INFO - Python: 3.12.3 (main, Jan  8 2026, 11:30:50) [GCC 13.3.0]
2026-01-15 18:03:02,623 - __main__ - INFO - Platform: Linux-6.6.87.2-microsoft-standard-WSL2-x86_64-with-glibc2.39
2026-01-15 18:03:02,623 - __main__ - INFO - CPU count: 32
2026-01-15 18:03:02,623 - __main__ - INFO - Random seed: 42
2026-01-15 18:03:02,623 - __main__ - INFO - Running quick unit tests...
2026-01-15 18:04:01,492 - __main__ - WARNING - Could not run unit tests: Command '['/usr/bin/python3', '-m', 'pytest', '-q', '--tb=no', 'rare_companions/tests/', '-x']' timed out after 60 seconds
2026-01-15 18:04:01,493 - __main__ - INFO - Found 0 DESI data files
2026-01-15 18:04:01,493 - __main__ - INFO - ============================================================
2026-01-15 18:04:01,493 - __main__ - INFO - STAGE 1: RV Metrics Scan
2026-01-15 18:04:01,493 - __main__ - INFO - ============================================================
2026-01-15 18:04:01,871 - __main__ - WARNING - No real DESI data found. Generating synthetic data for demonstration.
2026-01-15 18:04:01,904 - __main__ - INFO - Total targets for Stage 1: 500
2026-01-15 18:04:01,906 - __main__ - INFO - After basic filters: 494 targets
2026-01-15 18:04:01,994 - __main__ - INFO - Saved RV metrics to runs/real_run_20260115_180302/stage1_rv_metrics.csv
2026-01-15 18:04:01,994 - __main__ - INFO - ============================================================
2026-01-15 18:04:01,994 - __main__ - INFO - STAGE 2: Fast Screening (All Experiments)
2026-01-15 18:04:01,994 - __main__ - INFO - ============================================================
2026-01-15 18:04:02,016 - __main__ - INFO - Running experiment: E1_mass_gap
2026-01-15 18:04:02,016 - rare_companions.experiments.base - INFO - Running experiment: E1_mass_gap
2026-01-15 18:04:02,017 - rare_companions.experiments.base - INFO - Input targets: 494
